[debug] [2023-06-06T22:02:19.349Z] ----------------------------------------------------------------------
[debug] [2023-06-06T22:02:19.351Z] Command:       /usr/local/bin/firebase /Users/Ethan/.cache/firebase/tools/lib/node_modules/firebase-tools/lib/bin/firebase init
[debug] [2023-06-06T22:02:19.352Z] CLI Version:   12.3.1
[debug] [2023-06-06T22:02:19.352Z] Platform:      darwin
[debug] [2023-06-06T22:02:19.352Z] Node Version:  v16.16.0
[debug] [2023-06-06T22:02:19.353Z] Time:          Wed Jun 07 2023 06:02:19 GMT+0800 (Taipei Standard Time)
[debug] [2023-06-06T22:02:19.354Z] ----------------------------------------------------------------------
[debug] 
[debug] [2023-06-06T22:02:19.364Z] > command requires scopes: ["email","openid","https://www.googleapis.com/auth/cloudplatformprojects.readonly","https://www.googleapis.com/auth/firebase","https://www.googleapis.com/auth/cloud-platform"]
[debug] [2023-06-06T22:02:19.365Z] > authorizing via signed-in user (breaking0203@gmail.com)
[info] 
     ######## #### ########  ######## ########     ###     ######  ########
     ##        ##  ##     ## ##       ##     ##  ##   ##  ##       ##
     ######    ##  ########  ######   ########  #########  ######  ######
     ##        ##  ##    ##  ##       ##     ## ##     ##       ## ##
     ##       #### ##     ## ######## ########  ##     ##  ######  ########

You're about to initialize a Firebase project in this directory:

  /Users/Ethan/Developer/Projects/College/大四下/web-app/final/catty

[info] 
=== Project Setup
[info] 
[info] First, let's associate this project directory with a Firebase project.
[info] You can create multiple project aliases by running firebase use --add, 
[info] but for now we'll just set up a default project.
[info] 
[debug] [2023-06-06T22:02:27.675Z] >>> [apiv2][query] GET https://firebase.googleapis.com/v1beta1/projects pageSize=100
[debug] [2023-06-06T22:02:28.454Z] <<< [apiv2][status] GET https://firebase.googleapis.com/v1beta1/projects 200
[debug] [2023-06-06T22:02:28.459Z] <<< [apiv2][body] GET https://firebase.googleapis.com/v1beta1/projects [omitted]
[info] i  Using project stray-catty (stray-catty) 
[info] 
=== Hosting Setup
[info] 
[info] Your public directory is the folder (relative to your project directory) that
[info] will contain Hosting assets to be uploaded with firebase deploy. If you
[info] have a build process for your assets, use your build's output directory.
[info] 
